;  LST file generated by mikroListExporter - v.2.0 
; Date/Time: 16.10.2018 16:06:37
;----------------------------------------------

;Address Opcode 	ASM
0x0000	0x28D2      	GOTO       210
_interrupt:
0x0004	0x00FF      	MOVWF      R15
0x0005	0x0E03      	SWAPF      STATUS, 0
0x0006	0x0183      	CLRF       STATUS
0x0007	0x00AF      	MOVWF      ___saveSTATUS
0x0008	0x080A      	MOVF       PCLATH, 0
0x0009	0x00B0      	MOVWF      ___savePCLATH
0x000A	0x018A      	CLRF       PCLATH
0x000B	0x0870      	MOVF       R0, 0
0x000C	0x00A1      	MOVWF      33
0x000D	0x0871      	MOVF       R1, 0
0x000E	0x00A0      	MOVWF      32
0x000F	0x0804      	MOVF       FSR, 0
0x0010	0x00A2      	MOVWF      34
;Main.c,18 :: 		void interrupt(){
;Main.c,19 :: 		if (PIR1.RCIF){
0x0011	0x1E8C      	BTFSS      PIR1, 5
0x0012	0x281A      	GOTO       L_interrupt0
;Main.c,20 :: 		read_message();
0x0013	0x20C4      	CALL       _read_message
;Main.c,22 :: 		if ( mess_in.SRC == MCU2_Adr ) send_in = 1;
0x0014	0x0827      	MOVF       _mess_in+1, 0
0x0015	0x3A32      	XORLW      50
0x0016	0x1D03      	BTFSS      STATUS, 2
0x0017	0x2819      	GOTO       L_interrupt1
0x0018	0x1525      	BSF        _send_in, BitPos(_send_in+0)
L_interrupt1:
;Main.c,23 :: 		PIR1.RCIF = 0;
0x0019	0x128C      	BCF        PIR1, 5
;Main.c,24 :: 		}
L_interrupt0:
;Main.c,25 :: 		}
L_end_interrupt:
L__interrupt19:
0x001A	0x0821      	MOVF       33, 0
0x001B	0x00F0      	MOVWF      R0
0x001C	0x0820      	MOVF       32, 0
0x001D	0x00F1      	MOVWF      R1
0x001E	0x0822      	MOVF       34, 0
0x001F	0x0084      	MOVWF      FSR
0x0020	0x0830      	MOVF       ___savePCLATH, 0
0x0021	0x008A      	MOVWF      PCLATH
0x0022	0x0E2F      	SWAPF      ___saveSTATUS, 0
0x0023	0x0083      	MOVWF      STATUS
0x0024	0x0EFF      	SWAPF      R15, 1
0x0025	0x0E7F      	SWAPF      R15, 0
0x0026	0x0009      	RETFIE
; end of _interrupt
_UART1_Read:
;__Lib_UART_c67.c,21 :: 		
;__Lib_UART_c67.c,24 :: 		
0x0027	0x1283      	BCF        STATUS, 5
0x0028	0x1303      	BCF        STATUS, 6
0x0029	0x081A      	MOVF       RCREG, 0
0x002A	0x00F1      	MOVWF      R1
;__Lib_UART_c67.c,25 :: 		
0x002B	0x1C98      	BTFSS      RCSTA, 1
0x002C	0x282F      	GOTO       L_UART1_Read2
;__Lib_UART_c67.c,26 :: 		
0x002D	0x1218      	BCF        RCSTA, 4
;__Lib_UART_c67.c,27 :: 		
0x002E	0x1618      	BSF        RCSTA, 4
;__Lib_UART_c67.c,28 :: 		
L_UART1_Read2:
;__Lib_UART_c67.c,29 :: 		
0x002F	0x0871      	MOVF       R1, 0
0x0030	0x00F0      	MOVWF      R0
;__Lib_UART_c67.c,30 :: 		
L_end_UART1_Read:
0x0031	0x0008      	RETURN
; end of _UART1_Read
_____DoICP:
;__Lib_System.c,6 :: 		
;__Lib_System.c,9 :: 		
0x0032	0x1283      	BCF        STATUS, 5
0x0033	0x1303      	BCF        STATUS, 6
0x0034	0x0824      	MOVF       ___DoICPAddr+1, 0
0x0035	0x008A      	MOVWF      PCLATH
;__Lib_System.c,10 :: 		
0x0036	0x0823      	MOVF       ___DoICPAddr, 0
0x0037	0x0082      	MOVWF      PCL
;__Lib_System.c,12 :: 		
L_end_____DoICP:
0x0038	0x0008      	RETURN
; end of _____DoICP
_UART1_Init:
;__Lib_UART_c67.c,2 :: 		
;__Lib_UART_c67.c,5 :: 		
0x0039	0x1683      	BSF        STATUS, 5
0x003A	0x1303      	BCF        STATUS, 6
0x003B	0x1698      	BSF        TXSTA, 5
;__Lib_UART_c67.c,6 :: 		
0x003C	0x3090      	MOVLW      144
0x003D	0x1283      	BCF        STATUS, 5
0x003E	0x0098      	MOVWF      RCSTA
;__Lib_UART_c67.c,7 :: 		
0x003F	0x1683      	BSF        STATUS, 5
0x0040	0x1787      	BSF        TRISC7_bit, BitPos(TRISC7_bit+0)
;__Lib_UART_c67.c,8 :: 		
0x0041	0x1307      	BCF        TRISC6_bit, BitPos(TRISC6_bit+0)
;__Lib_UART_c67.c,10 :: 		
L_UART1_Init0:
0x0042	0x1283      	BCF        STATUS, 5
0x0043	0x1E8C      	BTFSS      PIR1, 5
0x0044	0x2848      	GOTO       L_UART1_Init1
;__Lib_UART_c67.c,11 :: 		
0x0045	0x081A      	MOVF       RCREG, 0
0x0046	0x00F0      	MOVWF      R0
0x0047	0x2842      	GOTO       L_UART1_Init0
L_UART1_Init1:
;__Lib_UART_c67.c,12 :: 		
L_end_UART1_Init:
0x0048	0x0008      	RETURN
; end of _UART1_Init
_CRC16:
;protocol_lib.c,118 :: 		unsigned int CRC16(unsigned char * pcBlock, unsigned char len)
;protocol_lib.c,120 :: 		unsigned int crc = 0xFFFF;
0x0049	0x30FF      	MOVLW      255
0x004A	0x1283      	BCF        STATUS, 5
0x004B	0x1303      	BCF        STATUS, 6
0x004C	0x00B3      	MOVWF      CRC16_crc_L0
0x004D	0x30FF      	MOVLW      255
0x004E	0x00B4      	MOVWF      CRC16_crc_L0+1
;protocol_lib.c,121 :: 		while (len--)  crc = (crc >> 8) ^ Crc16Table[(crc & 0xFF) ^ *pcBlock++];
L_CRC162:
0x004F	0x0832      	MOVF       FARG_CRC16_len, 0
0x0050	0x00F0      	MOVWF      R0
0x0051	0x03B2      	DECF       FARG_CRC16_len, 1
0x0052	0x0870      	MOVF       R0, 0
0x0053	0x1903      	BTFSC      STATUS, 2
0x0054	0x288C      	GOTO       L_CRC163
0x0055	0x0834      	MOVF       CRC16_crc_L0+1, 0
0x0056	0x00F5      	MOVWF      R5
0x0057	0x01F6      	CLRF       R5+1
0x0058	0x30FF      	MOVLW      255
0x0059	0x0533      	ANDWF      CRC16_crc_L0, 0
0x005A	0x00F0      	MOVWF      R0
0x005B	0x0834      	MOVF       CRC16_crc_L0+1, 0
0x005C	0x00F1      	MOVWF      R0+1
0x005D	0x3000      	MOVLW      0
0x005E	0x05F1      	ANDWF      R0+1, 1
0x005F	0x0831      	MOVF       FARG_CRC16_pcBlock, 0
0x0060	0x0084      	MOVWF      FSR
0x0061	0x0800      	MOVF       INDF, 0
0x0062	0x0670      	XORWF      R0, 0
0x0063	0x00F3      	MOVWF      R3
0x0064	0x0871      	MOVF       R0+1, 0
0x0065	0x00F4      	MOVWF      R3+1
0x0066	0x3000      	MOVLW      0
0x0067	0x06F4      	XORWF      R3+1, 1
0x0068	0x0873      	MOVF       R3, 0
0x0069	0x00F0      	MOVWF      R0
0x006A	0x0874      	MOVF       R3+1, 0
0x006B	0x00F1      	MOVWF      R0+1
0x006C	0x0DF0      	RLF        R0, 1
0x006D	0x0DF1      	RLF        R0+1, 1
0x006E	0x1070      	BCF        R0, 0
0x006F	0x3024      	MOVLW      _Crc16Table
0x0070	0x07F0      	ADDWF      R0, 1
0x0071	0x3001      	MOVLW      hi_addr(_Crc16Table)
0x0072	0x1803      	BTFSC      STATUS, 0
0x0073	0x3E01      	ADDLW      1
0x0074	0x07F1      	ADDWF      R0+1, 1
0x0075	0x0870      	MOVF       R0, 0
0x0076	0x00A3      	MOVWF      ___DoICPAddr
0x0077	0x0871      	MOVF       R0+1, 0
0x0078	0x00A4      	MOVWF      ___DoICPAddr+1
0x0079	0x2032      	CALL       _____DoICP
0x007A	0x118A      	BCF        PCLATH, 3
0x007B	0x120A      	BCF        PCLATH, 4
0x007C	0x00F0      	MOVWF      R0
0x007D	0x0AA3      	INCF       ___DoICPAddr, 1
0x007E	0x1903      	BTFSC      STATUS, 2
0x007F	0x0AA4      	INCF       ___DoICPAddr+1, 1
0x0080	0x2032      	CALL       _____DoICP
0x0081	0x118A      	BCF        PCLATH, 3
0x0082	0x120A      	BCF        PCLATH, 4
0x0083	0x00F1      	MOVWF      R0+1
0x0084	0x0870      	MOVF       R0, 0
0x0085	0x0675      	XORWF      R5, 0
0x0086	0x00B3      	MOVWF      CRC16_crc_L0
0x0087	0x0876      	MOVF       R5+1, 0
0x0088	0x0671      	XORWF      R0+1, 0
0x0089	0x00B4      	MOVWF      CRC16_crc_L0+1
0x008A	0x0AB1      	INCF       FARG_CRC16_pcBlock, 1
0x008B	0x284F      	GOTO       L_CRC162
L_CRC163:
;protocol_lib.c,122 :: 		return crc;
0x008C	0x0833      	MOVF       CRC16_crc_L0, 0
0x008D	0x00F0      	MOVWF      R0
0x008E	0x0834      	MOVF       CRC16_crc_L0+1, 0
0x008F	0x00F1      	MOVWF      R0+1
;protocol_lib.c,123 :: 		}
L_end_CRC16:
0x0090	0x0008      	RETURN
; end of _CRC16
_init_main:
;Main.c,65 :: 		void init_main(){
;Main.c,66 :: 		ANSELA = 0; //all i/o is digit
0x0091	0x1683      	BSF        STATUS, 5
0x0092	0x1703      	BSF        STATUS, 6
0x0093	0x0185      	CLRF       ANSELA
;Main.c,67 :: 		TRISA = 0;
0x0094	0x1303      	BCF        STATUS, 6
0x0095	0x0185      	CLRF       TRISA
;Main.c,68 :: 		TRISA.F0 = 1;
0x0096	0x1405      	BSF        TRISA, 0
;Main.c,69 :: 		GREEN = 1;
0x0097	0x1283      	BCF        STATUS, 5
0x0098	0x1485      	BSF        PORTA, 1
;Main.c,70 :: 		poin = (char*)&mess_in;
0x0099	0x3026      	MOVLW      _mess_in
0x009A	0x00AE      	MOVWF      _poin
;Main.c,72 :: 		mess_in.CRC = 0;
0x009B	0x01A9      	CLRF       _mess_in+3
0x009C	0x01AA      	CLRF       _mess_in+4
;Main.c,74 :: 		UART1_Init(9600);
0x009D	0x3033      	MOVLW      51
0x009E	0x1683      	BSF        STATUS, 5
0x009F	0x0099      	MOVWF      SPBRG
0x00A0	0x1518      	BSF        TXSTA, 2
0x00A1	0x2039      	CALL       _UART1_Init
;Main.c,76 :: 		PIE1.RCIE = 1;
0x00A2	0x1683      	BSF        STATUS, 5
0x00A3	0x168C      	BSF        PIE1, 5
;Main.c,77 :: 		INTCON.PEIE = 1;
0x00A4	0x170B      	BSF        INTCON, 6
;Main.c,78 :: 		INTCON.GIE = 1;
0x00A5	0x178B      	BSF        INTCON, 7
;Main.c,81 :: 		send_in = verif = oldstate = n_byte = 0;
0x00A6	0x1283      	BCF        STATUS, 5
0x00A7	0x01AD      	CLRF       _n_byte
0x00A8	0x1025      	BCF        _oldstate, BitPos(_oldstate+0)
0x00A9	0x1825      	BTFSC      _oldstate, BitPos(_oldstate+0)
0x00AA	0x28AD      	GOTO       L__init_main23
0x00AB	0x10A5      	BCF        _verif, BitPos(_verif+0)
0x00AC	0x28AE      	GOTO       L__init_main24
L__init_main23:
0x00AD	0x14A5      	BSF        _verif, BitPos(_verif+0)
L__init_main24:
0x00AE	0x18A5      	BTFSC      _verif, BitPos(_verif+0)
0x00AF	0x28B2      	GOTO       L__init_main25
0x00B0	0x1125      	BCF        _send_in, BitPos(_send_in+0)
0x00B1	0x28B3      	GOTO       L__init_main26
L__init_main25:
0x00B2	0x1525      	BSF        _send_in, BitPos(_send_in+0)
L__init_main26:
;Main.c,83 :: 		Delay_ms(500);
0x00B3	0x3006      	MOVLW      6
0x00B4	0x00FB      	MOVWF      R11
0x00B5	0x3013      	MOVLW      19
0x00B6	0x00FC      	MOVWF      R12
0x00B7	0x30AD      	MOVLW      173
0x00B8	0x00FD      	MOVWF      R13
L_init_main16:
0x00B9	0x0BFD      	DECFSZ     R13, 1
0x00BA	0x28B9      	GOTO       L_init_main16
0x00BB	0x0BFC      	DECFSZ     R12, 1
0x00BC	0x28B9      	GOTO       L_init_main16
0x00BD	0x0BFB      	DECFSZ     R11, 1
0x00BE	0x28B9      	GOTO       L_init_main16
0x00BF	0x0000      	NOP
0x00C0	0x0000      	NOP
;Main.c,84 :: 		GREEN = !GREEN;
0x00C1	0x3002      	MOVLW      2
0x00C2	0x0685      	XORWF      PORTA, 1
;Main.c,86 :: 		}
L_end_init_main:
0x00C3	0x0008      	RETURN
; end of _init_main
_read_message:
;Main.c,88 :: 		void read_message(){ //прием сообщения
;Main.c,89 :: 		*(poin + n_byte++) = UART1_Read();
0x00C4	0x1283      	BCF        STATUS, 5
0x00C5	0x1303      	BCF        STATUS, 6
0x00C6	0x082D      	MOVF       _n_byte, 0
0x00C7	0x072E      	ADDWF      _poin, 0
0x00C8	0x00B5      	MOVWF      FLOC__read_message
0x00C9	0x2027      	CALL       _UART1_Read
0x00CA	0x0835      	MOVF       FLOC__read_message, 0
0x00CB	0x0084      	MOVWF      FSR
0x00CC	0x0870      	MOVF       R0, 0
0x00CD	0x0080      	MOVWF      INDF
0x00CE	0x0AAD      	INCF       _n_byte, 1
;Main.c,90 :: 		Delay_us(1);//при малой задержке не успевает заполнить структуру и пробегает по циклу дважды
0x00CF	0x0000      	NOP
0x00D0	0x0000      	NOP
;Main.c,93 :: 		}
L_end_read_message:
0x00D1	0x0008      	RETURN
; end of _read_message
_main:
;Main.c,27 :: 		void main() {
;Main.c,29 :: 		init_main();
0x00D2	0x2091      	CALL       _init_main
;Main.c,30 :: 		while(1){
L_main2:
;Main.c,32 :: 		if (n_byte > 4){
0x00D3	0x082D      	MOVF       _n_byte, 0
0x00D4	0x3C04      	SUBLW      4
0x00D5	0x1803      	BTFSC      STATUS, 0
0x00D6	0x28DA      	GOTO       L_main4
;Main.c,33 :: 		n_byte = 0;
0x00D7	0x01AD      	CLRF       _n_byte
;Main.c,34 :: 		poin = (char*) &mess_in;
0x00D8	0x3026      	MOVLW      _mess_in
0x00D9	0x00AE      	MOVWF      _poin
;Main.c,35 :: 		}
L_main4:
;Main.c,36 :: 		if (send_in){
0x00DA	0x1D25      	BTFSS      _send_in, BitPos(_send_in+0)
0x00DB	0x28EF      	GOTO       L_main5
;Main.c,37 :: 		check_CRC = CRC16( (char*)&mess_in, sizeof(mess_in) - 2 );
0x00DC	0x3026      	MOVLW      _mess_in
0x00DD	0x00B1      	MOVWF      FARG_CRC16_pcBlock
0x00DE	0x3003      	MOVLW      3
0x00DF	0x00B2      	MOVWF      FARG_CRC16_len
0x00E0	0x2049      	CALL       _CRC16
0x00E1	0x0870      	MOVF       R0, 0
0x00E2	0x00AB      	MOVWF      _check_CRC
0x00E3	0x0871      	MOVF       R0+1, 0
0x00E4	0x00AC      	MOVWF      _check_CRC+1
;Main.c,38 :: 		if( mess_in.CRC == check_CRC ) verif = 1;
0x00E5	0x082A      	MOVF       _mess_in+4, 0
0x00E6	0x0671      	XORWF      R0+1, 0
0x00E7	0x1D03      	BTFSS      STATUS, 2
0x00E8	0x28EB      	GOTO       L__main21
0x00E9	0x0870      	MOVF       R0, 0
0x00EA	0x0629      	XORWF      _mess_in+3, 0
L__main21:
0x00EB	0x1D03      	BTFSS      STATUS, 2
0x00EC	0x28EE      	GOTO       L_main6
0x00ED	0x14A5      	BSF        _verif, BitPos(_verif+0)
L_main6:
;Main.c,39 :: 		send_in = 0;
0x00EE	0x1125      	BCF        _send_in, BitPos(_send_in+0)
;Main.c,40 :: 		}
L_main5:
;Main.c,41 :: 		if (verif){
0x00EF	0x1CA5      	BTFSS      _verif, BitPos(_verif+0)
0x00F0	0x291B      	GOTO       L_main7
;Main.c,42 :: 		GREEN = 1;
0x00F1	0x1485      	BSF        PORTA, 1
;Main.c,43 :: 		Delay_ms(1000);
0x00F2	0x300B      	MOVLW      11
0x00F3	0x00FB      	MOVWF      R11
0x00F4	0x3026      	MOVLW      38
0x00F5	0x00FC      	MOVWF      R12
0x00F6	0x305D      	MOVLW      93
0x00F7	0x00FD      	MOVWF      R13
L_main8:
0x00F8	0x0BFD      	DECFSZ     R13, 1
0x00F9	0x28F8      	GOTO       L_main8
0x00FA	0x0BFC      	DECFSZ     R12, 1
0x00FB	0x28F8      	GOTO       L_main8
0x00FC	0x0BFB      	DECFSZ     R11, 1
0x00FD	0x28F8      	GOTO       L_main8
0x00FE	0x0000      	NOP
0x00FF	0x0000      	NOP
;Main.c,44 :: 		switch (mess_in.Data){
0x0100	0x2916      	GOTO       L_main9
;Main.c,45 :: 		case 0x33: {
L_main11:
;Main.c,46 :: 		RED = 0;
0x0101	0x1105      	BCF        PORTA, 2
;Main.c,47 :: 		mess_in.CRC = 0;
0x0102	0x01A9      	CLRF       _mess_in+3
0x0103	0x01AA      	CLRF       _mess_in+4
;Main.c,48 :: 		mess_in.DST = 0;
0x0104	0x01A6      	CLRF       _mess_in
;Main.c,49 :: 		mess_in.SRC = 0;
0x0105	0x01A7      	CLRF       _mess_in+1
;Main.c,50 :: 		mess_in.Data = 0;
0x0106	0x01A8      	CLRF       _mess_in+2
;Main.c,51 :: 		Delay_ms(500);
0x0107	0x3006      	MOVLW      6
0x0108	0x00FB      	MOVWF      R11
0x0109	0x3013      	MOVLW      19
0x010A	0x00FC      	MOVWF      R12
0x010B	0x30AD      	MOVLW      173
0x010C	0x00FD      	MOVWF      R13
L_main12:
0x010D	0x0BFD      	DECFSZ     R13, 1
0x010E	0x290D      	GOTO       L_main12
0x010F	0x0BFC      	DECFSZ     R12, 1
0x0110	0x290D      	GOTO       L_main12
0x0111	0x0BFB      	DECFSZ     R11, 1
0x0112	0x290D      	GOTO       L_main12
0x0113	0x0000      	NOP
0x0114	0x0000      	NOP
;Main.c,52 :: 		break;
0x0115	0x291A      	GOTO       L_main10
;Main.c,54 :: 		}
L_main9:
0x0116	0x0828      	MOVF       _mess_in+2, 0
0x0117	0x3A33      	XORLW      51
0x0118	0x1903      	BTFSC      STATUS, 2
0x0119	0x2901      	GOTO       L_main11
L_main10:
;Main.c,55 :: 		verif = 0;
0x011A	0x10A5      	BCF        _verif, BitPos(_verif+0)
;Main.c,56 :: 		}
L_main7:
;Main.c,57 :: 		if ((GREEN == 1) || (RED == 0)) {
0x011B	0x1885      	BTFSC      PORTA, 1
0x011C	0x2920      	GOTO       L__main17
0x011D	0x1D05      	BTFSS      PORTA, 2
0x011E	0x2920      	GOTO       L__main17
0x011F	0x2922      	GOTO       L_main15
L__main17:
;Main.c,58 :: 		GREEN = 0;
0x0120	0x1085      	BCF        PORTA, 1
;Main.c,59 :: 		RED = 1;
0x0121	0x1505      	BSF        PORTA, 2
;Main.c,60 :: 		}
L_main15:
;Main.c,61 :: 		}
0x0122	0x28D3      	GOTO       L_main2
;Main.c,63 :: 		}
L_end_main:
0x0123	0x2923      	GOTO       $+0
; end of _main
;protocol_lib.c,68 :: _Crc16Table
0x0124	0x3400 ;_Crc16Table+0
0x0125	0x3400 ;_Crc16Table+1
0x0126	0x34C1 ;_Crc16Table+2
0x0127	0x34C0 ;_Crc16Table+3
0x0128	0x3481 ;_Crc16Table+4
0x0129	0x34C1 ;_Crc16Table+5
0x012A	0x3440 ;_Crc16Table+6
0x012B	0x3401 ;_Crc16Table+7
0x012C	0x3401 ;_Crc16Table+8
0x012D	0x34C3 ;_Crc16Table+9
0x012E	0x34C0 ;_Crc16Table+10
0x012F	0x3403 ;_Crc16Table+11
0x0130	0x3480 ;_Crc16Table+12
0x0131	0x3402 ;_Crc16Table+13
0x0132	0x3441 ;_Crc16Table+14
0x0133	0x34C2 ;_Crc16Table+15
0x0134	0x3401 ;_Crc16Table+16
0x0135	0x34C6 ;_Crc16Table+17
0x0136	0x34C0 ;_Crc16Table+18
0x0137	0x3406 ;_Crc16Table+19
0x0138	0x3480 ;_Crc16Table+20
0x0139	0x3407 ;_Crc16Table+21
0x013A	0x3441 ;_Crc16Table+22
0x013B	0x34C7 ;_Crc16Table+23
0x013C	0x3400 ;_Crc16Table+24
0x013D	0x3405 ;_Crc16Table+25
0x013E	0x34C1 ;_Crc16Table+26
0x013F	0x34C5 ;_Crc16Table+27
0x0140	0x3481 ;_Crc16Table+28
0x0141	0x34C4 ;_Crc16Table+29
0x0142	0x3440 ;_Crc16Table+30
0x0143	0x3404 ;_Crc16Table+31
0x0144	0x3401 ;_Crc16Table+32
0x0145	0x34CC ;_Crc16Table+33
0x0146	0x34C0 ;_Crc16Table+34
0x0147	0x340C ;_Crc16Table+35
0x0148	0x3480 ;_Crc16Table+36
0x0149	0x340D ;_Crc16Table+37
0x014A	0x3441 ;_Crc16Table+38
0x014B	0x34CD ;_Crc16Table+39
0x014C	0x3400 ;_Crc16Table+40
0x014D	0x340F ;_Crc16Table+41
0x014E	0x34C1 ;_Crc16Table+42
0x014F	0x34CF ;_Crc16Table+43
0x0150	0x3481 ;_Crc16Table+44
0x0151	0x34CE ;_Crc16Table+45
0x0152	0x3440 ;_Crc16Table+46
0x0153	0x340E ;_Crc16Table+47
0x0154	0x3400 ;_Crc16Table+48
0x0155	0x340A ;_Crc16Table+49
0x0156	0x34C1 ;_Crc16Table+50
0x0157	0x34CA ;_Crc16Table+51
0x0158	0x3481 ;_Crc16Table+52
0x0159	0x34CB ;_Crc16Table+53
0x015A	0x3440 ;_Crc16Table+54
0x015B	0x340B ;_Crc16Table+55
0x015C	0x3401 ;_Crc16Table+56
0x015D	0x34C9 ;_Crc16Table+57
0x015E	0x34C0 ;_Crc16Table+58
0x015F	0x3409 ;_Crc16Table+59
0x0160	0x3480 ;_Crc16Table+60
0x0161	0x3408 ;_Crc16Table+61
0x0162	0x3441 ;_Crc16Table+62
0x0163	0x34C8 ;_Crc16Table+63
0x0164	0x3401 ;_Crc16Table+64
0x0165	0x34D8 ;_Crc16Table+65
0x0166	0x34C0 ;_Crc16Table+66
0x0167	0x3418 ;_Crc16Table+67
0x0168	0x3480 ;_Crc16Table+68
0x0169	0x3419 ;_Crc16Table+69
0x016A	0x3441 ;_Crc16Table+70
0x016B	0x34D9 ;_Crc16Table+71
0x016C	0x3400 ;_Crc16Table+72
0x016D	0x341B ;_Crc16Table+73
0x016E	0x34C1 ;_Crc16Table+74
0x016F	0x34DB ;_Crc16Table+75
0x0170	0x3481 ;_Crc16Table+76
0x0171	0x34DA ;_Crc16Table+77
0x0172	0x3440 ;_Crc16Table+78
0x0173	0x341A ;_Crc16Table+79
0x0174	0x3400 ;_Crc16Table+80
0x0175	0x341E ;_Crc16Table+81
0x0176	0x34C1 ;_Crc16Table+82
0x0177	0x34DE ;_Crc16Table+83
0x0178	0x3481 ;_Crc16Table+84
0x0179	0x34DF ;_Crc16Table+85
0x017A	0x3440 ;_Crc16Table+86
0x017B	0x341F ;_Crc16Table+87
0x017C	0x3401 ;_Crc16Table+88
0x017D	0x34DD ;_Crc16Table+89
0x017E	0x34C0 ;_Crc16Table+90
0x017F	0x341D ;_Crc16Table+91
0x0180	0x3480 ;_Crc16Table+92
0x0181	0x341C ;_Crc16Table+93
0x0182	0x3441 ;_Crc16Table+94
0x0183	0x34DC ;_Crc16Table+95
0x0184	0x3400 ;_Crc16Table+96
0x0185	0x3414 ;_Crc16Table+97
0x0186	0x34C1 ;_Crc16Table+98
0x0187	0x34D4 ;_Crc16Table+99
0x0188	0x3481 ;_Crc16Table+100
0x0189	0x34D5 ;_Crc16Table+101
0x018A	0x3440 ;_Crc16Table+102
0x018B	0x3415 ;_Crc16Table+103
0x018C	0x3401 ;_Crc16Table+104
0x018D	0x34D7 ;_Crc16Table+105
0x018E	0x34C0 ;_Crc16Table+106
0x018F	0x3417 ;_Crc16Table+107
0x0190	0x3480 ;_Crc16Table+108
0x0191	0x3416 ;_Crc16Table+109
0x0192	0x3441 ;_Crc16Table+110
0x0193	0x34D6 ;_Crc16Table+111
0x0194	0x3401 ;_Crc16Table+112
0x0195	0x34D2 ;_Crc16Table+113
0x0196	0x34C0 ;_Crc16Table+114
0x0197	0x3412 ;_Crc16Table+115
0x0198	0x3480 ;_Crc16Table+116
0x0199	0x3413 ;_Crc16Table+117
0x019A	0x3441 ;_Crc16Table+118
0x019B	0x34D3 ;_Crc16Table+119
0x019C	0x3400 ;_Crc16Table+120
0x019D	0x3411 ;_Crc16Table+121
0x019E	0x34C1 ;_Crc16Table+122
0x019F	0x34D1 ;_Crc16Table+123
0x01A0	0x3481 ;_Crc16Table+124
0x01A1	0x34D0 ;_Crc16Table+125
0x01A2	0x3440 ;_Crc16Table+126
0x01A3	0x3410 ;_Crc16Table+127
0x01A4	0x3401 ;_Crc16Table+128
0x01A5	0x34F0 ;_Crc16Table+129
0x01A6	0x34C0 ;_Crc16Table+130
0x01A7	0x3430 ;_Crc16Table+131
0x01A8	0x3480 ;_Crc16Table+132
0x01A9	0x3431 ;_Crc16Table+133
0x01AA	0x3441 ;_Crc16Table+134
0x01AB	0x34F1 ;_Crc16Table+135
0x01AC	0x3400 ;_Crc16Table+136
0x01AD	0x3433 ;_Crc16Table+137
0x01AE	0x34C1 ;_Crc16Table+138
0x01AF	0x34F3 ;_Crc16Table+139
0x01B0	0x3481 ;_Crc16Table+140
0x01B1	0x34F2 ;_Crc16Table+141
0x01B2	0x3440 ;_Crc16Table+142
0x01B3	0x3432 ;_Crc16Table+143
0x01B4	0x3400 ;_Crc16Table+144
0x01B5	0x3436 ;_Crc16Table+145
0x01B6	0x34C1 ;_Crc16Table+146
0x01B7	0x34F6 ;_Crc16Table+147
0x01B8	0x3481 ;_Crc16Table+148
0x01B9	0x34F7 ;_Crc16Table+149
0x01BA	0x3440 ;_Crc16Table+150
0x01BB	0x3437 ;_Crc16Table+151
0x01BC	0x3401 ;_Crc16Table+152
0x01BD	0x34F5 ;_Crc16Table+153
0x01BE	0x34C0 ;_Crc16Table+154
0x01BF	0x3435 ;_Crc16Table+155
0x01C0	0x3480 ;_Crc16Table+156
0x01C1	0x3434 ;_Crc16Table+157
0x01C2	0x3441 ;_Crc16Table+158
0x01C3	0x34F4 ;_Crc16Table+159
0x01C4	0x3400 ;_Crc16Table+160
0x01C5	0x343C ;_Crc16Table+161
0x01C6	0x34C1 ;_Crc16Table+162
0x01C7	0x34FC ;_Crc16Table+163
0x01C8	0x3481 ;_Crc16Table+164
0x01C9	0x34FD ;_Crc16Table+165
0x01CA	0x3440 ;_Crc16Table+166
0x01CB	0x343D ;_Crc16Table+167
0x01CC	0x3401 ;_Crc16Table+168
0x01CD	0x34FF ;_Crc16Table+169
0x01CE	0x34C0 ;_Crc16Table+170
0x01CF	0x343F ;_Crc16Table+171
0x01D0	0x3480 ;_Crc16Table+172
0x01D1	0x343E ;_Crc16Table+173
0x01D2	0x3441 ;_Crc16Table+174
0x01D3	0x34FE ;_Crc16Table+175
0x01D4	0x3401 ;_Crc16Table+176
0x01D5	0x34FA ;_Crc16Table+177
0x01D6	0x34C0 ;_Crc16Table+178
0x01D7	0x343A ;_Crc16Table+179
0x01D8	0x3480 ;_Crc16Table+180
0x01D9	0x343B ;_Crc16Table+181
0x01DA	0x3441 ;_Crc16Table+182
0x01DB	0x34FB ;_Crc16Table+183
0x01DC	0x3400 ;_Crc16Table+184
0x01DD	0x3439 ;_Crc16Table+185
0x01DE	0x34C1 ;_Crc16Table+186
0x01DF	0x34F9 ;_Crc16Table+187
0x01E0	0x3481 ;_Crc16Table+188
0x01E1	0x34F8 ;_Crc16Table+189
0x01E2	0x3440 ;_Crc16Table+190
0x01E3	0x3438 ;_Crc16Table+191
0x01E4	0x3400 ;_Crc16Table+192
0x01E5	0x3428 ;_Crc16Table+193
0x01E6	0x34C1 ;_Crc16Table+194
0x01E7	0x34E8 ;_Crc16Table+195
0x01E8	0x3481 ;_Crc16Table+196
0x01E9	0x34E9 ;_Crc16Table+197
0x01EA	0x3440 ;_Crc16Table+198
0x01EB	0x3429 ;_Crc16Table+199
0x01EC	0x3401 ;_Crc16Table+200
0x01ED	0x34EB ;_Crc16Table+201
0x01EE	0x34C0 ;_Crc16Table+202
0x01EF	0x342B ;_Crc16Table+203
0x01F0	0x3480 ;_Crc16Table+204
0x01F1	0x342A ;_Crc16Table+205
0x01F2	0x3441 ;_Crc16Table+206
0x01F3	0x34EA ;_Crc16Table+207
0x01F4	0x3401 ;_Crc16Table+208
0x01F5	0x34EE ;_Crc16Table+209
0x01F6	0x34C0 ;_Crc16Table+210
0x01F7	0x342E ;_Crc16Table+211
0x01F8	0x3480 ;_Crc16Table+212
0x01F9	0x342F ;_Crc16Table+213
0x01FA	0x3441 ;_Crc16Table+214
0x01FB	0x34EF ;_Crc16Table+215
0x01FC	0x3400 ;_Crc16Table+216
0x01FD	0x342D ;_Crc16Table+217
0x01FE	0x34C1 ;_Crc16Table+218
0x01FF	0x34ED ;_Crc16Table+219
0x0200	0x3481 ;_Crc16Table+220
0x0201	0x34EC ;_Crc16Table+221
0x0202	0x3440 ;_Crc16Table+222
0x0203	0x342C ;_Crc16Table+223
0x0204	0x3401 ;_Crc16Table+224
0x0205	0x34E4 ;_Crc16Table+225
0x0206	0x34C0 ;_Crc16Table+226
0x0207	0x3424 ;_Crc16Table+227
0x0208	0x3480 ;_Crc16Table+228
0x0209	0x3425 ;_Crc16Table+229
0x020A	0x3441 ;_Crc16Table+230
0x020B	0x34E5 ;_Crc16Table+231
0x020C	0x3400 ;_Crc16Table+232
0x020D	0x3427 ;_Crc16Table+233
0x020E	0x34C1 ;_Crc16Table+234
0x020F	0x34E7 ;_Crc16Table+235
0x0210	0x3481 ;_Crc16Table+236
0x0211	0x34E6 ;_Crc16Table+237
0x0212	0x3440 ;_Crc16Table+238
0x0213	0x3426 ;_Crc16Table+239
0x0214	0x3400 ;_Crc16Table+240
0x0215	0x3422 ;_Crc16Table+241
0x0216	0x34C1 ;_Crc16Table+242
0x0217	0x34E2 ;_Crc16Table+243
0x0218	0x3481 ;_Crc16Table+244
0x0219	0x34E3 ;_Crc16Table+245
0x021A	0x3440 ;_Crc16Table+246
0x021B	0x3423 ;_Crc16Table+247
0x021C	0x3401 ;_Crc16Table+248
0x021D	0x34E1 ;_Crc16Table+249
0x021E	0x34C0 ;_Crc16Table+250
0x021F	0x3421 ;_Crc16Table+251
0x0220	0x3480 ;_Crc16Table+252
0x0221	0x3420 ;_Crc16Table+253
0x0222	0x3441 ;_Crc16Table+254
0x0223	0x34E0 ;_Crc16Table+255
0x0224	0x3401 ;_Crc16Table+256
0x0225	0x34A0 ;_Crc16Table+257
0x0226	0x34C0 ;_Crc16Table+258
0x0227	0x3460 ;_Crc16Table+259
0x0228	0x3480 ;_Crc16Table+260
0x0229	0x3461 ;_Crc16Table+261
0x022A	0x3441 ;_Crc16Table+262
0x022B	0x34A1 ;_Crc16Table+263
0x022C	0x3400 ;_Crc16Table+264
0x022D	0x3463 ;_Crc16Table+265
0x022E	0x34C1 ;_Crc16Table+266
0x022F	0x34A3 ;_Crc16Table+267
0x0230	0x3481 ;_Crc16Table+268
0x0231	0x34A2 ;_Crc16Table+269
0x0232	0x3440 ;_Crc16Table+270
0x0233	0x3462 ;_Crc16Table+271
0x0234	0x3400 ;_Crc16Table+272
0x0235	0x3466 ;_Crc16Table+273
0x0236	0x34C1 ;_Crc16Table+274
0x0237	0x34A6 ;_Crc16Table+275
0x0238	0x3481 ;_Crc16Table+276
0x0239	0x34A7 ;_Crc16Table+277
0x023A	0x3440 ;_Crc16Table+278
0x023B	0x3467 ;_Crc16Table+279
0x023C	0x3401 ;_Crc16Table+280
0x023D	0x34A5 ;_Crc16Table+281
0x023E	0x34C0 ;_Crc16Table+282
0x023F	0x3465 ;_Crc16Table+283
0x0240	0x3480 ;_Crc16Table+284
0x0241	0x3464 ;_Crc16Table+285
0x0242	0x3441 ;_Crc16Table+286
0x0243	0x34A4 ;_Crc16Table+287
0x0244	0x3400 ;_Crc16Table+288
0x0245	0x346C ;_Crc16Table+289
0x0246	0x34C1 ;_Crc16Table+290
0x0247	0x34AC ;_Crc16Table+291
0x0248	0x3481 ;_Crc16Table+292
0x0249	0x34AD ;_Crc16Table+293
0x024A	0x3440 ;_Crc16Table+294
0x024B	0x346D ;_Crc16Table+295
0x024C	0x3401 ;_Crc16Table+296
0x024D	0x34AF ;_Crc16Table+297
0x024E	0x34C0 ;_Crc16Table+298
0x024F	0x346F ;_Crc16Table+299
0x0250	0x3480 ;_Crc16Table+300
0x0251	0x346E ;_Crc16Table+301
0x0252	0x3441 ;_Crc16Table+302
0x0253	0x34AE ;_Crc16Table+303
0x0254	0x3401 ;_Crc16Table+304
0x0255	0x34AA ;_Crc16Table+305
0x0256	0x34C0 ;_Crc16Table+306
0x0257	0x346A ;_Crc16Table+307
0x0258	0x3480 ;_Crc16Table+308
0x0259	0x346B ;_Crc16Table+309
0x025A	0x3441 ;_Crc16Table+310
0x025B	0x34AB ;_Crc16Table+311
0x025C	0x3400 ;_Crc16Table+312
0x025D	0x3469 ;_Crc16Table+313
0x025E	0x34C1 ;_Crc16Table+314
0x025F	0x34A9 ;_Crc16Table+315
0x0260	0x3481 ;_Crc16Table+316
0x0261	0x34A8 ;_Crc16Table+317
0x0262	0x3440 ;_Crc16Table+318
0x0263	0x3468 ;_Crc16Table+319
0x0264	0x3400 ;_Crc16Table+320
0x0265	0x3478 ;_Crc16Table+321
0x0266	0x34C1 ;_Crc16Table+322
0x0267	0x34B8 ;_Crc16Table+323
0x0268	0x3481 ;_Crc16Table+324
0x0269	0x34B9 ;_Crc16Table+325
0x026A	0x3440 ;_Crc16Table+326
0x026B	0x3479 ;_Crc16Table+327
0x026C	0x3401 ;_Crc16Table+328
0x026D	0x34BB ;_Crc16Table+329
0x026E	0x34C0 ;_Crc16Table+330
0x026F	0x347B ;_Crc16Table+331
0x0270	0x3480 ;_Crc16Table+332
0x0271	0x347A ;_Crc16Table+333
0x0272	0x3441 ;_Crc16Table+334
0x0273	0x34BA ;_Crc16Table+335
0x0274	0x3401 ;_Crc16Table+336
0x0275	0x34BE ;_Crc16Table+337
0x0276	0x34C0 ;_Crc16Table+338
0x0277	0x347E ;_Crc16Table+339
0x0278	0x3480 ;_Crc16Table+340
0x0279	0x347F ;_Crc16Table+341
0x027A	0x3441 ;_Crc16Table+342
0x027B	0x34BF ;_Crc16Table+343
0x027C	0x3400 ;_Crc16Table+344
0x027D	0x347D ;_Crc16Table+345
0x027E	0x34C1 ;_Crc16Table+346
0x027F	0x34BD ;_Crc16Table+347
0x0280	0x3481 ;_Crc16Table+348
0x0281	0x34BC ;_Crc16Table+349
0x0282	0x3440 ;_Crc16Table+350
0x0283	0x347C ;_Crc16Table+351
0x0284	0x3401 ;_Crc16Table+352
0x0285	0x34B4 ;_Crc16Table+353
0x0286	0x34C0 ;_Crc16Table+354
0x0287	0x3474 ;_Crc16Table+355
0x0288	0x3480 ;_Crc16Table+356
0x0289	0x3475 ;_Crc16Table+357
0x028A	0x3441 ;_Crc16Table+358
0x028B	0x34B5 ;_Crc16Table+359
0x028C	0x3400 ;_Crc16Table+360
0x028D	0x3477 ;_Crc16Table+361
0x028E	0x34C1 ;_Crc16Table+362
0x028F	0x34B7 ;_Crc16Table+363
0x0290	0x3481 ;_Crc16Table+364
0x0291	0x34B6 ;_Crc16Table+365
0x0292	0x3440 ;_Crc16Table+366
0x0293	0x3476 ;_Crc16Table+367
0x0294	0x3400 ;_Crc16Table+368
0x0295	0x3472 ;_Crc16Table+369
0x0296	0x34C1 ;_Crc16Table+370
0x0297	0x34B2 ;_Crc16Table+371
0x0298	0x3481 ;_Crc16Table+372
0x0299	0x34B3 ;_Crc16Table+373
0x029A	0x3440 ;_Crc16Table+374
0x029B	0x3473 ;_Crc16Table+375
0x029C	0x3401 ;_Crc16Table+376
0x029D	0x34B1 ;_Crc16Table+377
0x029E	0x34C0 ;_Crc16Table+378
0x029F	0x3471 ;_Crc16Table+379
0x02A0	0x3480 ;_Crc16Table+380
0x02A1	0x3470 ;_Crc16Table+381
0x02A2	0x3441 ;_Crc16Table+382
0x02A3	0x34B0 ;_Crc16Table+383
0x02A4	0x3400 ;_Crc16Table+384
0x02A5	0x3450 ;_Crc16Table+385
0x02A6	0x34C1 ;_Crc16Table+386
0x02A7	0x3490 ;_Crc16Table+387
0x02A8	0x3481 ;_Crc16Table+388
0x02A9	0x3491 ;_Crc16Table+389
0x02AA	0x3440 ;_Crc16Table+390
0x02AB	0x3451 ;_Crc16Table+391
0x02AC	0x3401 ;_Crc16Table+392
0x02AD	0x3493 ;_Crc16Table+393
0x02AE	0x34C0 ;_Crc16Table+394
0x02AF	0x3453 ;_Crc16Table+395
0x02B0	0x3480 ;_Crc16Table+396
0x02B1	0x3452 ;_Crc16Table+397
0x02B2	0x3441 ;_Crc16Table+398
0x02B3	0x3492 ;_Crc16Table+399
0x02B4	0x3401 ;_Crc16Table+400
0x02B5	0x3496 ;_Crc16Table+401
0x02B6	0x34C0 ;_Crc16Table+402
0x02B7	0x3456 ;_Crc16Table+403
0x02B8	0x3480 ;_Crc16Table+404
0x02B9	0x3457 ;_Crc16Table+405
0x02BA	0x3441 ;_Crc16Table+406
0x02BB	0x3497 ;_Crc16Table+407
0x02BC	0x3400 ;_Crc16Table+408
0x02BD	0x3455 ;_Crc16Table+409
0x02BE	0x34C1 ;_Crc16Table+410
0x02BF	0x3495 ;_Crc16Table+411
0x02C0	0x3481 ;_Crc16Table+412
0x02C1	0x3494 ;_Crc16Table+413
0x02C2	0x3440 ;_Crc16Table+414
0x02C3	0x3454 ;_Crc16Table+415
0x02C4	0x3401 ;_Crc16Table+416
0x02C5	0x349C ;_Crc16Table+417
0x02C6	0x34C0 ;_Crc16Table+418
0x02C7	0x345C ;_Crc16Table+419
0x02C8	0x3480 ;_Crc16Table+420
0x02C9	0x345D ;_Crc16Table+421
0x02CA	0x3441 ;_Crc16Table+422
0x02CB	0x349D ;_Crc16Table+423
0x02CC	0x3400 ;_Crc16Table+424
0x02CD	0x345F ;_Crc16Table+425
0x02CE	0x34C1 ;_Crc16Table+426
0x02CF	0x349F ;_Crc16Table+427
0x02D0	0x3481 ;_Crc16Table+428
0x02D1	0x349E ;_Crc16Table+429
0x02D2	0x3440 ;_Crc16Table+430
0x02D3	0x345E ;_Crc16Table+431
0x02D4	0x3400 ;_Crc16Table+432
0x02D5	0x345A ;_Crc16Table+433
0x02D6	0x34C1 ;_Crc16Table+434
0x02D7	0x349A ;_Crc16Table+435
0x02D8	0x3481 ;_Crc16Table+436
0x02D9	0x349B ;_Crc16Table+437
0x02DA	0x3440 ;_Crc16Table+438
0x02DB	0x345B ;_Crc16Table+439
0x02DC	0x3401 ;_Crc16Table+440
0x02DD	0x3499 ;_Crc16Table+441
0x02DE	0x34C0 ;_Crc16Table+442
0x02DF	0x3459 ;_Crc16Table+443
0x02E0	0x3480 ;_Crc16Table+444
0x02E1	0x3458 ;_Crc16Table+445
0x02E2	0x3441 ;_Crc16Table+446
0x02E3	0x3498 ;_Crc16Table+447
0x02E4	0x3401 ;_Crc16Table+448
0x02E5	0x3488 ;_Crc16Table+449
0x02E6	0x34C0 ;_Crc16Table+450
0x02E7	0x3448 ;_Crc16Table+451
0x02E8	0x3480 ;_Crc16Table+452
0x02E9	0x3449 ;_Crc16Table+453
0x02EA	0x3441 ;_Crc16Table+454
0x02EB	0x3489 ;_Crc16Table+455
0x02EC	0x3400 ;_Crc16Table+456
0x02ED	0x344B ;_Crc16Table+457
0x02EE	0x34C1 ;_Crc16Table+458
0x02EF	0x348B ;_Crc16Table+459
0x02F0	0x3481 ;_Crc16Table+460
0x02F1	0x348A ;_Crc16Table+461
0x02F2	0x3440 ;_Crc16Table+462
0x02F3	0x344A ;_Crc16Table+463
0x02F4	0x3400 ;_Crc16Table+464
0x02F5	0x344E ;_Crc16Table+465
0x02F6	0x34C1 ;_Crc16Table+466
0x02F7	0x348E ;_Crc16Table+467
0x02F8	0x3481 ;_Crc16Table+468
0x02F9	0x348F ;_Crc16Table+469
0x02FA	0x3440 ;_Crc16Table+470
0x02FB	0x344F ;_Crc16Table+471
0x02FC	0x3401 ;_Crc16Table+472
0x02FD	0x348D ;_Crc16Table+473
0x02FE	0x34C0 ;_Crc16Table+474
0x02FF	0x344D ;_Crc16Table+475
0x0300	0x3480 ;_Crc16Table+476
0x0301	0x344C ;_Crc16Table+477
0x0302	0x3441 ;_Crc16Table+478
0x0303	0x348C ;_Crc16Table+479
0x0304	0x3400 ;_Crc16Table+480
0x0305	0x3444 ;_Crc16Table+481
0x0306	0x34C1 ;_Crc16Table+482
0x0307	0x3484 ;_Crc16Table+483
0x0308	0x3481 ;_Crc16Table+484
0x0309	0x3485 ;_Crc16Table+485
0x030A	0x3440 ;_Crc16Table+486
0x030B	0x3445 ;_Crc16Table+487
0x030C	0x3401 ;_Crc16Table+488
0x030D	0x3487 ;_Crc16Table+489
0x030E	0x34C0 ;_Crc16Table+490
0x030F	0x3447 ;_Crc16Table+491
0x0310	0x3480 ;_Crc16Table+492
0x0311	0x3446 ;_Crc16Table+493
0x0312	0x3441 ;_Crc16Table+494
0x0313	0x3486 ;_Crc16Table+495
0x0314	0x3401 ;_Crc16Table+496
0x0315	0x3482 ;_Crc16Table+497
0x0316	0x34C0 ;_Crc16Table+498
0x0317	0x3442 ;_Crc16Table+499
0x0318	0x3480 ;_Crc16Table+500
0x0319	0x3443 ;_Crc16Table+501
0x031A	0x3441 ;_Crc16Table+502
0x031B	0x3483 ;_Crc16Table+503
0x031C	0x3400 ;_Crc16Table+504
0x031D	0x3441 ;_Crc16Table+505
0x031E	0x34C1 ;_Crc16Table+506
0x031F	0x3481 ;_Crc16Table+507
0x0320	0x3481 ;_Crc16Table+508
0x0321	0x3480 ;_Crc16Table+509
0x0322	0x3440 ;_Crc16Table+510
0x0323	0x3440 ;_Crc16Table+511
; end of _Crc16Table
Symbol List:
//** Routines locations **
//ADDRESS    SIZE    PROCEDURE
//----------------------------------------------
0x0004      [35]    _interrupt
0x0027      [11]    _UART1_Read
0x0032       [7]    _____DoICP
0x0039      [16]    _UART1_Init
0x0049      [72]    _CRC16
0x0091      [51]    _init_main
0x00C4      [14]    _read_message
0x00D2      [82]    _main
//** Variables locations ** 
//ADDRESS    SIZE    VARIABLE
//----------------------------------------------
0x0000       [1]    INDF
0x0002       [1]    PCL
0x0003       [1]    STATUS
0x0004       [1]    FSR
0x0005       [1]    PORTA
0x000A       [1]    PCLATH
0x000B       [1]    INTCON
0x000C       [1]    PIR1
0x0018       [1]    RCSTA
0x001A       [1]    RCREG
0x0023       [2]    ___DoICPAddr
0x0025       [0]    _send_in
0x0025       [0]    _verif
0x0025       [0]    _oldstate
0x0026       [5]    _mess_in
0x002B       [2]    _check_CRC
0x002D       [1]    _n_byte
0x002E       [1]    _poin
0x002F       [1]    ___saveSTATUS
0x0030       [1]    ___savePCLATH
0x0031       [1]    FARG_CRC16_pcBlock
0x0032       [1]    FARG_CRC16_len
0x0033       [2]    CRC16_crc_L0
0x0035       [1]    FLOC__read_message
0x0070       [1]    R0
0x0071       [1]    R1
0x0072       [1]    R2
0x0073       [1]    R3
0x0074       [1]    R4
0x0075       [1]    R5
0x0076       [1]    R6
0x0077       [1]    R7
0x0078       [1]    R8
0x0079       [1]    R9
0x007A       [1]    R10
0x007B       [1]    R11
0x007C       [1]    R12
0x007D       [1]    R13
0x007E       [1]    R14
0x007F       [1]    R15
0x0085       [1]    TRISA
0x0087       [0]    TRISC7_bit
0x0087       [0]    TRISC6_bit
0x008C       [1]    PIE1
0x0098       [1]    TXSTA
0x0099       [1]    SPBRG
0x0185       [1]    ANSELA
//** Constants locations ** 
//ADDRESS    SIZE    CONSTANT
//----------------------------------------------
0x0124     [512]    _Crc16Table
